app/build/intermediates/manifest_merge_blame_file/debug/manifest-merger-blame-debug-report.txt
1<?xml version="1.0" encoding="utf-8"?>
2<manifest xmlns:android="http://schemas.android.com/apk/res/android"
3    package="com.portal.terminalbd"
4    android:versionCode="1"
5    android:versionName="1.0" >
6
7    <uses-sdk
8        android:minSdkVersion="21"
8-->src\main\AndroidManifest.xml
9        android:targetSdkVersion="30" />
9-->src\main\AndroidManifest.xml
10
11    <uses-feature android:name="android.hardware.usb.host" />
11-->src\main\AndroidManifest.xml:6:5-62
11-->src\main\AndroidManifest.xml:6:19-59
12    <uses-feature android:name="android.hardware.camera.autofocus" />
12-->src\main\AndroidManifest.xml:7:5-70
12-->src\main\AndroidManifest.xml:7:19-67
13
14    <uses-permission android:name="android.permission.ACCESS_NETWORK_STATE" />
14-->src\main\AndroidManifest.xml:9:5-79
14-->src\main\AndroidManifest.xml:9:22-76
15    <uses-permission android:name="android.permission.INTERNET" />
15-->src\main\AndroidManifest.xml:10:5-67
15-->src\main\AndroidManifest.xml:10:22-64
16    <uses-permission android:name="android.permission.BLUETOOTH" />
16-->src\main\AndroidManifest.xml:11:5-68
16-->src\main\AndroidManifest.xml:11:22-65
17    <uses-permission android:name="android.permission.BLUETOOTH_ADMIN" />
17-->src\main\AndroidManifest.xml:12:5-74
17-->src\main\AndroidManifest.xml:12:22-71
18    <uses-permission android:name="android.permission.CAMERA" />
18-->src\main\AndroidManifest.xml:13:5-65
18-->src\main\AndroidManifest.xml:13:22-62
19    <uses-permission android:name="android.permission.READ_EXTERNAL_STORAGE" />
19-->src\main\AndroidManifest.xml:14:5-80
19-->src\main\AndroidManifest.xml:14:22-77
20    <uses-permission android:name="android.permission.WRITE_EXTERNAL_STORAGE" />
20-->src\main\AndroidManifest.xml:15:5-81
20-->src\main\AndroidManifest.xml:15:22-78
21    <uses-permission android:name="android.permission.CALL_PHONE" />
21-->src\main\AndroidManifest.xml:16:5-69
21-->src\main\AndroidManifest.xml:16:22-66
22    <uses-permission android:name="android.permission.RECEIVE_SMS" />
22-->src\main\AndroidManifest.xml:18:5-69
22-->src\main\AndroidManifest.xml:18:22-67
23    <uses-permission android:name="android.permission.READ_PHONE_STATE" />
23-->src\main\AndroidManifest.xml:19:5-74
23-->src\main\AndroidManifest.xml:19:22-72
24    <uses-permission android:name="android.permission.READ_SMS" />
24-->src\main\AndroidManifest.xml:20:5-66
24-->src\main\AndroidManifest.xml:20:22-64
25    <uses-permission android:name="android.permission.READ_PHONE_NUMBERS" />
25-->src\main\AndroidManifest.xml:21:5-76
25-->src\main\AndroidManifest.xml:21:22-74
26
27    <uses-feature android:name="android.hardware.camera" />
27-->src\main\AndroidManifest.xml:23:5-60
27-->src\main\AndroidManifest.xml:23:19-57
28
29    <uses-permission android:name="android.permission.VIBRATE" />
29-->[com.wdullaer:materialdatetimepicker:2.3.0] AndroidManifest.xml:26:5-66
29-->[com.wdullaer:materialdatetimepicker:2.3.0] AndroidManifest.xml:26:22-63
30    <uses-permission android:name="android.permission.WAKE_LOCK" /> <!-- Required by older versions of Google Play services to create IID tokens -->
30-->[com.google.firebase:firebase-messaging:21.1.0] AndroidManifest.xml:23:5-68
30-->[com.google.firebase:firebase-messaging:21.1.0] AndroidManifest.xml:23:22-65
31    <uses-permission android:name="com.google.android.c2dm.permission.RECEIVE" />
31-->[com.google.firebase:firebase-messaging:21.1.0] AndroidManifest.xml:25:5-82
31-->[com.google.firebase:firebase-messaging:21.1.0] AndroidManifest.xml:25:22-79
32
33    <application
33-->src\main\AndroidManifest.xml:25:5-114:19
34        android:name="com.portal.terminalbd.app.TerminalApplication"
34-->src\main\AndroidManifest.xml:26:9-48
35        android:allowBackup="true"
35-->src\main\AndroidManifest.xml:27:9-35
36        android:appComponentFactory="androidx.core.app.CoreComponentFactory"
36-->[androidx.core:core:1.3.0] AndroidManifest.xml:24:18-86
37        android:debuggable="true"
38        android:hardwareAccelerated="true"
38-->src\main\AndroidManifest.xml:28:9-43
39        android:icon="@mipmap/ic_launcher"
39-->src\main\AndroidManifest.xml:29:9-43
40        android:label="@string/app_name"
40-->src\main\AndroidManifest.xml:30:9-41
41        android:networkSecurityConfig="@xml/network_security_config"
41-->src\main\AndroidManifest.xml:31:9-69
42        android:requestLegacyExternalStorage="true"
42-->src\main\AndroidManifest.xml:32:9-52
43        android:roundIcon="@mipmap/ic_launcher_round"
43-->src\main\AndroidManifest.xml:33:9-54
44        android:supportsRtl="true"
44-->src\main\AndroidManifest.xml:34:9-35
45        android:testOnly="true"
46        android:theme="@style/AppTheme"
46-->src\main\AndroidManifest.xml:35:9-40
47        android:usesCleartextTraffic="true" >
47-->src\main\AndroidManifest.xml:36:9-44
48        <activity android:name="com.portal.terminalbd.activity.AddNewProductActivity" />
48-->src\main\AndroidManifest.xml:38:9-77
48-->src\main\AndroidManifest.xml:38:19-65
49        <activity android:name="com.portal.terminalbd.activity.OTPActivity" />
49-->src\main\AndroidManifest.xml:39:9-58
49-->src\main\AndroidManifest.xml:39:19-55
50        <activity android:name="com.portal.terminalbd.activity.LoginWithOtpActivity" />
50-->src\main\AndroidManifest.xml:40:9-67
50-->src\main\AndroidManifest.xml:40:19-64
51        <activity android:name="com.portal.terminalbd.activity.UserProfileActivity" />
51-->src\main\AndroidManifest.xml:41:9-66
51-->src\main\AndroidManifest.xml:41:19-63
52        <activity android:name="com.portal.terminalbd.activity.VendorListDetailsActivity" />
52-->src\main\AndroidManifest.xml:42:9-72
52-->src\main\AndroidManifest.xml:42:19-69
53        <activity
53-->src\main\AndroidManifest.xml:43:9-45:58
54            android:name="com.portal.terminalbd.activity.NewExpenseActivity"
54-->src\main\AndroidManifest.xml:44:13-56
55            android:windowSoftInputMode="adjustResize" />
55-->src\main\AndroidManifest.xml:45:13-55
56        <activity
56-->src\main\AndroidManifest.xml:46:9-48:58
57            android:name="com.portal.terminalbd.activity.NewPurchaseActivity"
57-->src\main\AndroidManifest.xml:47:13-57
58            android:windowSoftInputMode="adjustResize" />
58-->src\main\AndroidManifest.xml:48:13-55
59        <activity android:name="com.portal.terminalbd.activity.CustomerPaymentActivity" />
59-->src\main\AndroidManifest.xml:49:9-70
59-->src\main\AndroidManifest.xml:49:19-67
60        <activity
60-->src\main\AndroidManifest.xml:50:9-52:58
61            android:name="com.portal.terminalbd.activity.SearchSalesActivity"
61-->src\main\AndroidManifest.xml:51:13-57
62            android:windowSoftInputMode="adjustResize" />
62-->src\main\AndroidManifest.xml:52:13-55
63        <activity android:name="com.portal.terminalbd.activity.MedicineSalesActivity" />
63-->src\main\AndroidManifest.xml:53:9-68
63-->src\main\AndroidManifest.xml:53:19-65
64        <activity android:name="com.portal.terminalbd.activity.AddTableActivity" />
64-->src\main\AndroidManifest.xml:54:9-63
64-->src\main\AndroidManifest.xml:54:19-60
65        <activity android:name="com.portal.terminalbd.activity.MultipleUserActivity" />
65-->src\main\AndroidManifest.xml:55:9-67
65-->src\main\AndroidManifest.xml:55:19-64
66        <activity android:name="com.portal.terminalbd.activity.VerifyOTPActivity" />
66-->src\main\AndroidManifest.xml:56:9-64
66-->src\main\AndroidManifest.xml:56:19-61
67        <activity android:name="com.portal.terminalbd.activity.ProductActivity" />
67-->src\main\AndroidManifest.xml:57:9-62
67-->src\main\AndroidManifest.xml:57:19-59
68        <activity android:name="com.portal.terminalbd.activity.CategoryActivity" />
68-->src\main\AndroidManifest.xml:58:9-63
68-->src\main\AndroidManifest.xml:58:19-60
69        <activity android:name="com.portal.terminalbd.activity.SignupActivity" />
69-->src\main\AndroidManifest.xml:59:9-61
69-->src\main\AndroidManifest.xml:59:19-58
70        <activity android:name="com.portal.terminalbd.activity.BarcodeScannerActivity" />
70-->src\main\AndroidManifest.xml:60:9-69
70-->src\main\AndroidManifest.xml:60:19-66
71        <activity android:name="com.portal.terminalbd.activity.ExpenseEditActivity" />
71-->src\main\AndroidManifest.xml:61:9-66
71-->src\main\AndroidManifest.xml:61:19-63
72        <activity android:name="com.portal.terminalbd.activity.ExpenseDetailsActivity" />
72-->src\main\AndroidManifest.xml:62:9-69
72-->src\main\AndroidManifest.xml:62:19-66
73        <activity android:name="com.portal.terminalbd.activity.PurchaseEditActivity" />
73-->src\main\AndroidManifest.xml:63:9-67
73-->src\main\AndroidManifest.xml:63:19-64
74        <activity android:name="com.portal.terminalbd.activity.PurchaseDetailsActivity" />
74-->src\main\AndroidManifest.xml:64:9-70
74-->src\main\AndroidManifest.xml:64:19-67
75        <activity android:name="com.portal.terminalbd.activity.SalesDetailsActivity" />
75-->src\main\AndroidManifest.xml:65:9-67
75-->src\main\AndroidManifest.xml:65:19-64
76        <activity android:name="com.portal.terminalbd.activity.SalesEditActivity" />
76-->src\main\AndroidManifest.xml:66:9-64
76-->src\main\AndroidManifest.xml:66:19-61
77        <activity android:name="com.portal.terminalbd.activity.DimsActivity" />
77-->src\main\AndroidManifest.xml:67:9-59
77-->src\main\AndroidManifest.xml:67:19-56
78        <activity
78-->src\main\AndroidManifest.xml:68:9-70:55
79            android:name="com.portal.terminalbd.activity.StockActivity"
79-->src\main\AndroidManifest.xml:69:13-51
80            android:windowSoftInputMode="adjustPan" />
80-->src\main\AndroidManifest.xml:70:13-52
81        <activity android:name="com.portal.terminalbd.activity.ExpenseActivity" />
81-->src\main\AndroidManifest.xml:71:9-62
81-->src\main\AndroidManifest.xml:71:19-59
82        <activity android:name="com.portal.terminalbd.activity.PurchasePaymentActivity" />
82-->src\main\AndroidManifest.xml:72:9-70
82-->src\main\AndroidManifest.xml:72:19-67
83        <activity android:name="com.portal.terminalbd.activity.SalePaymentActivity" >
83-->src\main\AndroidManifest.xml:73:9-77:20
83-->src\main\AndroidManifest.xml:73:19-63
84            <meta-data
84-->src\main\AndroidManifest.xml:74:13-76:57
85                android:name="android.hardware.usb.action.USB_DEVICE_ATTACHED"
85-->src\main\AndroidManifest.xml:75:17-79
86                android:resource="@xml/device_filter" />
86-->src\main\AndroidManifest.xml:76:17-54
87        </activity>
88        <activity android:name="com.portal.terminalbd.activity.PurchaseActivity" />
88-->src\main\AndroidManifest.xml:78:9-63
88-->src\main\AndroidManifest.xml:78:19-60
89        <activity android:name="com.portal.terminalbd.activity.DashboardActivity" />
89-->src\main\AndroidManifest.xml:79:9-64
89-->src\main\AndroidManifest.xml:79:19-61
90        <activity android:name="com.portal.terminalbd.activity.PrinterConnectActivity" />
90-->src\main\AndroidManifest.xml:80:9-69
90-->src\main\AndroidManifest.xml:80:19-66
91        <activity android:name="com.portal.terminalbd.activity.SalesActivity" />
91-->src\main\AndroidManifest.xml:81:9-60
91-->src\main\AndroidManifest.xml:81:19-57
92        <activity android:name="com.portal.terminalbd.activity.LoginActivity" />
92-->src\main\AndroidManifest.xml:82:9-60
92-->src\main\AndroidManifest.xml:82:19-57
93        <activity android:name="com.portal.terminalbd.activity.DeviceListActivity" />
93-->src\main\AndroidManifest.xml:83:9-65
93-->src\main\AndroidManifest.xml:83:19-62
94        <activity android:name="com.portal.terminalbd.activity.MultiLayout_SplashScreen" >
94-->src\main\AndroidManifest.xml:84:9-90:20
94-->src\main\AndroidManifest.xml:84:19-68
95            <intent-filter>
95-->src\main\AndroidManifest.xml:85:13-89:29
96                <action android:name="android.intent.action.MAIN" />
96-->src\main\AndroidManifest.xml:86:17-69
96-->src\main\AndroidManifest.xml:86:25-66
97
98                <category android:name="android.intent.category.LAUNCHER" />
98-->src\main\AndroidManifest.xml:88:17-77
98-->src\main\AndroidManifest.xml:88:27-74
99            </intent-filter>
100        </activity>
101        <activity
101-->src\main\AndroidManifest.xml:91:9-93:40
102            android:name="com.portal.terminalbd.activity.SetupActivity"
102-->src\main\AndroidManifest.xml:92:13-51
103            android:noHistory="true" />
103-->src\main\AndroidManifest.xml:93:13-37
104
105        <receiver android:name="com.portal.terminalbd.utils.OTPReceiver" >
105-->src\main\AndroidManifest.xml:95:9-99:20
105-->src\main\AndroidManifest.xml:95:19-52
106            <intent-filter>
106-->src\main\AndroidManifest.xml:96:13-98:29
107                <action android:name="android.provider.Telephony.SMS_RECEIVED" />
107-->src\main\AndroidManifest.xml:97:17-82
107-->src\main\AndroidManifest.xml:97:25-79
108            </intent-filter>
109        </receiver>
110
111        <meta-data
111-->src\main\AndroidManifest.xml:101:9-103:57
112            android:name="preloaded_fonts"
112-->src\main\AndroidManifest.xml:102:13-43
113            android:resource="@array/preloaded_fonts" />
113-->src\main\AndroidManifest.xml:103:13-54
114        <!-- FirebaseMessagingService -->
115        <service
115-->src\main\AndroidManifest.xml:105:9-112:19
116            android:name="com.portal.terminalbd.firebaseFCM.FirebaseMessagingService"
116-->src\main\AndroidManifest.xml:106:13-65
117            android:permission="TODO" >
117-->src\main\AndroidManifest.xml:107:13-38
118            <intent-filter>
118-->src\main\AndroidManifest.xml:109:13-111:29
119                <action android:name="com.google.firebase.MESSAGING_EVENT" />
119-->src\main\AndroidManifest.xml:110:17-78
119-->src\main\AndroidManifest.xml:110:25-75
120            </intent-filter>
121        </service>
122        <service
122-->[com.google.firebase:firebase-database:19.7.0] AndroidManifest.xml:29:9-35:19
123            android:name="com.google.firebase.components.ComponentDiscoveryService"
123-->[com.google.firebase:firebase-database:19.7.0] AndroidManifest.xml:30:13-84
124            android:directBootAware="true"
124-->[com.google.firebase:firebase-common:19.5.0] AndroidManifest.xml:35:13-43
125            android:exported="false" >
125-->[com.google.firebase:firebase-database:19.7.0] AndroidManifest.xml:31:13-37
126            <meta-data
126-->[com.google.firebase:firebase-database:19.7.0] AndroidManifest.xml:32:13-34:85
127                android:name="com.google.firebase.components:com.google.firebase.database.DatabaseRegistrar"
127-->[com.google.firebase:firebase-database:19.7.0] AndroidManifest.xml:33:17-109
128                android:value="com.google.firebase.components.ComponentRegistrar" />
128-->[com.google.firebase:firebase-database:19.7.0] AndroidManifest.xml:34:17-82
129            <meta-data
129-->[com.google.firebase:firebase-auth:20.0.4] AndroidManifest.xml:77:13-79:85
130                android:name="com.google.firebase.components:com.google.firebase.auth.FirebaseAuthRegistrar"
130-->[com.google.firebase:firebase-auth:20.0.4] AndroidManifest.xml:78:17-109
131                android:value="com.google.firebase.components.ComponentRegistrar" />
131-->[com.google.firebase:firebase-auth:20.0.4] AndroidManifest.xml:79:17-82
132            <meta-data
132-->[com.google.firebase:firebase-messaging:21.1.0] AndroidManifest.xml:52:13-54:85
133                android:name="com.google.firebase.components:com.google.firebase.messaging.FirebaseMessagingRegistrar"
133-->[com.google.firebase:firebase-messaging:21.1.0] AndroidManifest.xml:53:17-119
134                android:value="com.google.firebase.components.ComponentRegistrar" />
134-->[com.google.firebase:firebase-messaging:21.1.0] AndroidManifest.xml:54:17-82
135            <meta-data
135-->[com.google.firebase:firebase-iid:21.1.0] AndroidManifest.xml:32:13-34:85
136                android:name="com.google.firebase.components:com.google.firebase.iid.Registrar"
136-->[com.google.firebase:firebase-iid:21.1.0] AndroidManifest.xml:33:17-96
137                android:value="com.google.firebase.components.ComponentRegistrar" />
137-->[com.google.firebase:firebase-iid:21.1.0] AndroidManifest.xml:34:17-82
138            <meta-data
138-->[com.google.firebase:firebase-datatransport:17.0.10] AndroidManifest.xml:28:13-30:85
139                android:name="com.google.firebase.components:com.google.firebase.datatransport.TransportRegistrar"
139-->[com.google.firebase:firebase-datatransport:17.0.10] AndroidManifest.xml:29:17-115
140                android:value="com.google.firebase.components.ComponentRegistrar" />
140-->[com.google.firebase:firebase-datatransport:17.0.10] AndroidManifest.xml:30:17-82
141            <meta-data
141-->[com.google.firebase:firebase-installations:16.3.5] AndroidManifest.xml:18:13-20:85
142                android:name="com.google.firebase.components:com.google.firebase.installations.FirebaseInstallationsRegistrar"
142-->[com.google.firebase:firebase-installations:16.3.5] AndroidManifest.xml:19:17-127
143                android:value="com.google.firebase.components.ComponentRegistrar" />
143-->[com.google.firebase:firebase-installations:16.3.5] AndroidManifest.xml:20:17-82
144            <!--
145                This registrar is not defined in the dynamic-module-support sdk itself to allow non-firebase
146                clients to use it as well, by defining this registrar in their own core/common library.
147            -->
148            <meta-data
148-->[com.google.firebase:firebase-common:19.5.0] AndroidManifest.xml:43:13-45:85
149                android:name="com.google.firebase.components:com.google.firebase.dynamicloading.DynamicLoadingRegistrar"
149-->[com.google.firebase:firebase-common:19.5.0] AndroidManifest.xml:44:17-121
150                android:value="com.google.firebase.components.ComponentRegistrar" />
150-->[com.google.firebase:firebase-common:19.5.0] AndroidManifest.xml:45:17-82
151        </service>
152
153        <activity
153-->[com.google.firebase:firebase-auth:20.0.4] AndroidManifest.xml:27:9-44:20
154            android:name="com.google.firebase.auth.internal.GenericIdpActivity"
154-->[com.google.firebase:firebase-auth:20.0.4] AndroidManifest.xml:28:13-80
155            android:excludeFromRecents="true"
155-->[com.google.firebase:firebase-auth:20.0.4] AndroidManifest.xml:29:13-46
156            android:exported="true"
156-->[com.google.firebase:firebase-auth:20.0.4] AndroidManifest.xml:30:13-36
157            android:launchMode="singleTask"
157-->[com.google.firebase:firebase-auth:20.0.4] AndroidManifest.xml:31:13-44
158            android:theme="@android:style/Theme.Translucent.NoTitleBar" >
158-->[com.google.firebase:firebase-auth:20.0.4] AndroidManifest.xml:32:13-72
159            <intent-filter>
159-->[com.google.firebase:firebase-auth:20.0.4] AndroidManifest.xml:33:13-43:29
160                <action android:name="android.intent.action.VIEW" />
160-->[com.google.firebase:firebase-auth:20.0.4] AndroidManifest.xml:34:17-69
160-->[com.google.firebase:firebase-auth:20.0.4] AndroidManifest.xml:34:25-66
161
162                <category android:name="android.intent.category.DEFAULT" />
162-->[com.google.firebase:firebase-auth:20.0.4] AndroidManifest.xml:36:17-76
162-->[com.google.firebase:firebase-auth:20.0.4] AndroidManifest.xml:36:27-73
163                <category android:name="android.intent.category.BROWSABLE" />
163-->[com.google.firebase:firebase-auth:20.0.4] AndroidManifest.xml:37:17-78
163-->[com.google.firebase:firebase-auth:20.0.4] AndroidManifest.xml:37:27-75
164
165                <data
165-->[com.google.firebase:firebase-auth:20.0.4] AndroidManifest.xml:39:17-42:51
166                    android:host="firebase.auth"
166-->[com.google.firebase:firebase-auth:20.0.4] AndroidManifest.xml:40:21-49
167                    android:path="/"
167-->[com.google.firebase:firebase-auth:20.0.4] AndroidManifest.xml:41:21-37
168                    android:scheme="genericidp" />
168-->[com.google.firebase:firebase-auth:20.0.4] AndroidManifest.xml:42:21-48
169            </intent-filter>
170        </activity>
171        <activity
171-->[com.google.firebase:firebase-auth:20.0.4] AndroidManifest.xml:45:9-62:20
172            android:name="com.google.firebase.auth.internal.RecaptchaActivity"
172-->[com.google.firebase:firebase-auth:20.0.4] AndroidManifest.xml:46:13-79
173            android:excludeFromRecents="true"
173-->[com.google.firebase:firebase-auth:20.0.4] AndroidManifest.xml:47:13-46
174            android:exported="true"
174-->[com.google.firebase:firebase-auth:20.0.4] AndroidManifest.xml:48:13-36
175            android:launchMode="singleTask"
175-->[com.google.firebase:firebase-auth:20.0.4] AndroidManifest.xml:49:13-44
176            android:theme="@android:style/Theme.Translucent.NoTitleBar" >
176-->[com.google.firebase:firebase-auth:20.0.4] AndroidManifest.xml:50:13-72
177            <intent-filter>
177-->[com.google.firebase:firebase-auth:20.0.4] AndroidManifest.xml:51:13-61:29
178                <action android:name="android.intent.action.VIEW" />
178-->[com.google.firebase:firebase-auth:20.0.4] AndroidManifest.xml:34:17-69
178-->[com.google.firebase:firebase-auth:20.0.4] AndroidManifest.xml:34:25-66
179
180                <category android:name="android.intent.category.DEFAULT" />
180-->[com.google.firebase:firebase-auth:20.0.4] AndroidManifest.xml:36:17-76
180-->[com.google.firebase:firebase-auth:20.0.4] AndroidManifest.xml:36:27-73
181                <category android:name="android.intent.category.BROWSABLE" />
181-->[com.google.firebase:firebase-auth:20.0.4] AndroidManifest.xml:37:17-78
181-->[com.google.firebase:firebase-auth:20.0.4] AndroidManifest.xml:37:27-75
182
183                <data
183-->[com.google.firebase:firebase-auth:20.0.4] AndroidManifest.xml:39:17-42:51
184                    android:host="firebase.auth"
184-->[com.google.firebase:firebase-auth:20.0.4] AndroidManifest.xml:40:21-49
185                    android:path="/"
185-->[com.google.firebase:firebase-auth:20.0.4] AndroidManifest.xml:41:21-37
186                    android:scheme="recaptcha" />
186-->[com.google.firebase:firebase-auth:20.0.4] AndroidManifest.xml:42:21-48
187            </intent-filter>
188        </activity>
189
190        <service
190-->[com.google.firebase:firebase-auth:20.0.4] AndroidManifest.xml:64:9-73:19
191            android:name="com.google.firebase.auth.api.fallback.service.FirebaseAuthFallbackService"
191-->[com.google.firebase:firebase-auth:20.0.4] AndroidManifest.xml:65:13-101
192            android:enabled="true"
192-->[com.google.firebase:firebase-auth:20.0.4] AndroidManifest.xml:66:13-35
193            android:exported="false" >
193-->[com.google.firebase:firebase-auth:20.0.4] AndroidManifest.xml:67:13-37
194            <intent-filter>
194-->[com.google.firebase:firebase-auth:20.0.4] AndroidManifest.xml:68:13-72:29
195                <action android:name="com.google.firebase.auth.api.gms.service.START" />
195-->[com.google.firebase:firebase-auth:20.0.4] AndroidManifest.xml:69:17-89
195-->[com.google.firebase:firebase-auth:20.0.4] AndroidManifest.xml:69:25-86
196
197                <category android:name="android.intent.category.DEFAULT" />
197-->[com.google.firebase:firebase-auth:20.0.4] AndroidManifest.xml:36:17-76
197-->[com.google.firebase:firebase-auth:20.0.4] AndroidManifest.xml:36:27-73
198            </intent-filter>
199        </service>
200
201        <receiver
201-->[com.google.firebase:firebase-messaging:21.1.0] AndroidManifest.xml:28:9-35:20
202            android:name="com.google.firebase.iid.FirebaseInstanceIdReceiver"
202-->[com.google.firebase:firebase-messaging:21.1.0] AndroidManifest.xml:29:13-78
203            android:exported="true"
203-->[com.google.firebase:firebase-messaging:21.1.0] AndroidManifest.xml:30:13-36
204            android:permission="com.google.android.c2dm.permission.SEND" >
204-->[com.google.firebase:firebase-messaging:21.1.0] AndroidManifest.xml:31:13-73
205            <intent-filter>
205-->[com.google.firebase:firebase-messaging:21.1.0] AndroidManifest.xml:32:13-34:29
206                <action android:name="com.google.android.c2dm.intent.RECEIVE" />
206-->[com.google.firebase:firebase-messaging:21.1.0] AndroidManifest.xml:33:17-81
206-->[com.google.firebase:firebase-messaging:21.1.0] AndroidManifest.xml:33:25-78
207            </intent-filter>
208        </receiver>
209        <!--
210             FirebaseMessagingService performs security checks at runtime,
211             but set to not exported to explicitly avoid allowing another app to call it.
212        -->
213        <service
213-->[com.google.firebase:firebase-messaging:21.1.0] AndroidManifest.xml:41:9-48:19
214            android:name="com.google.firebase.messaging.FirebaseMessagingService"
214-->[com.google.firebase:firebase-messaging:21.1.0] AndroidManifest.xml:42:13-82
215            android:directBootAware="true"
215-->[com.google.firebase:firebase-messaging:21.1.0] AndroidManifest.xml:43:13-43
216            android:exported="false" >
216-->[com.google.firebase:firebase-messaging:21.1.0] AndroidManifest.xml:44:13-37
217            <intent-filter android:priority="-500" >
217-->src\main\AndroidManifest.xml:109:13-111:29
218                <action android:name="com.google.firebase.MESSAGING_EVENT" />
218-->src\main\AndroidManifest.xml:110:17-78
218-->src\main\AndroidManifest.xml:110:25-75
219            </intent-filter>
220        </service>
221
222        <provider
222-->[com.google.firebase:firebase-common:19.5.0] AndroidManifest.xml:26:9-31:39
223            android:name="com.google.firebase.provider.FirebaseInitProvider"
223-->[com.google.firebase:firebase-common:19.5.0] AndroidManifest.xml:27:13-77
224            android:authorities="com.portal.terminalbd.firebaseinitprovider"
224-->[com.google.firebase:firebase-common:19.5.0] AndroidManifest.xml:28:13-72
225            android:directBootAware="true"
225-->[com.google.firebase:firebase-common:19.5.0] AndroidManifest.xml:29:13-43
226            android:exported="false"
226-->[com.google.firebase:firebase-common:19.5.0] AndroidManifest.xml:30:13-37
227            android:initOrder="100" />
227-->[com.google.firebase:firebase-common:19.5.0] AndroidManifest.xml:31:13-36
228
229        <service
229-->[com.google.android.datatransport:transport-backend-cct:2.3.3] AndroidManifest.xml:29:9-35:19
230            android:name="com.google.android.datatransport.runtime.backends.TransportBackendDiscovery"
230-->[com.google.android.datatransport:transport-backend-cct:2.3.3] AndroidManifest.xml:30:13-103
231            android:exported="false" >
231-->[com.google.android.datatransport:transport-backend-cct:2.3.3] AndroidManifest.xml:31:13-37
232            <meta-data
232-->[com.google.android.datatransport:transport-backend-cct:2.3.3] AndroidManifest.xml:32:13-34:39
233                android:name="backend:com.google.android.datatransport.cct.CctBackendFactory"
233-->[com.google.android.datatransport:transport-backend-cct:2.3.3] AndroidManifest.xml:33:17-94
234                android:value="cct" />
234-->[com.google.android.datatransport:transport-backend-cct:2.3.3] AndroidManifest.xml:34:17-36
235        </service>
236
237        <activity
237-->[com.google.android.gms:play-services-base:17.1.0] AndroidManifest.xml:23:9-26:75
238            android:name="com.google.android.gms.common.api.GoogleApiActivity"
238-->[com.google.android.gms:play-services-base:17.1.0] AndroidManifest.xml:24:13-79
239            android:exported="false"
239-->[com.google.android.gms:play-services-base:17.1.0] AndroidManifest.xml:25:13-37
240            android:theme="@android:style/Theme.Translucent.NoTitleBar" />
240-->[com.google.android.gms:play-services-base:17.1.0] AndroidManifest.xml:26:13-72
241
242        <meta-data
242-->[com.google.android.gms:play-services-basement:17.1.0] AndroidManifest.xml:23:9-25:69
243            android:name="com.google.android.gms.version"
243-->[com.google.android.gms:play-services-basement:17.1.0] AndroidManifest.xml:24:13-58
244            android:value="@integer/google_play_services_version" />
244-->[com.google.android.gms:play-services-basement:17.1.0] AndroidManifest.xml:25:13-66
245
246        <service
246-->[com.google.android.datatransport:transport-runtime:2.2.5] AndroidManifest.xml:26:9-30:19
247            android:name="com.google.android.datatransport.runtime.scheduling.jobscheduling.JobInfoSchedulerService"
247-->[com.google.android.datatransport:transport-runtime:2.2.5] AndroidManifest.xml:27:13-117
248            android:exported="false"
248-->[com.google.android.datatransport:transport-runtime:2.2.5] AndroidManifest.xml:28:13-37
249            android:permission="android.permission.BIND_JOB_SERVICE" >
249-->[com.google.android.datatransport:transport-runtime:2.2.5] AndroidManifest.xml:29:13-69
250        </service>
251
252        <receiver
252-->[com.google.android.datatransport:transport-runtime:2.2.5] AndroidManifest.xml:32:9-34:40
253            android:name="com.google.android.datatransport.runtime.scheduling.jobscheduling.AlarmManagerSchedulerBroadcastReceiver"
253-->[com.google.android.datatransport:transport-runtime:2.2.5] AndroidManifest.xml:33:13-132
254            android:exported="false" />
254-->[com.google.android.datatransport:transport-runtime:2.2.5] AndroidManifest.xml:34:13-37
255    </application>
256
257</manifest>